{
  "RSpec": {
    "coverage": {
      "/home/victor/UnB/5º Semestre/MDS/To_de_Olho/config/environment.rb": [
        null,
        1,
        null,
        null,
        1
      ],
      "/home/victor/UnB/5º Semestre/MDS/To_de_Olho/config/application.rb": [
        1,
        null,
        1,
        1,
        null,
        null,
        1,
        null,
        1,
        1,
        null,
        null,
        null,
        null,
        null,
        null,
        null,
        null,
        null,
        null,
        null,
        null,
        null
      ],
      "/home/victor/UnB/5º Semestre/MDS/To_de_Olho/config/boot.rb": [
        null,
        1,
        null,
        1
      ],
      "/home/victor/UnB/5º Semestre/MDS/To_de_Olho/config/environments/test.rb": [
        1,
        null,
        null,
        null,
        null,
        null,
        null,
        1,
        null,
        null,
        null,
        null,
        1,
        null,
        null,
        1,
        1,
        null,
        null,
        1,
        1,
        null,
        null,
        1,
        null,
        null,
        1,
        null,
        null,
        null,
        null,
        1,
        null,
        null,
        1,
        null,
        null,
        null,
        null
      ],
      "/home/victor/UnB/5º Semestre/MDS/To_de_Olho/config/initializers/backtrace_silencers.rb": [
        null,
        null,
        null,
        null,
        null,
        null,
        null
      ],
      "/home/victor/UnB/5º Semestre/MDS/To_de_Olho/config/initializers/cookies_serializer.rb": [
        null,
        null,
        1
      ],
      "/home/victor/UnB/5º Semestre/MDS/To_de_Olho/config/initializers/filter_parameter_logging.rb": [
        null,
        null,
        null,
        1
      ],
      "/home/victor/UnB/5º Semestre/MDS/To_de_Olho/config/initializers/inflections.rb": [
        null,
        null,
        null,
        null,
        null,
        null,
        null,
        null,
        null,
        null,
        null,
        null,
        null,
        null,
        null,
        null
      ],
      "/home/victor/UnB/5º Semestre/MDS/To_de_Olho/config/initializers/mime_types.rb": [
        null,
        null,
        null,
        null
      ],
      "/home/victor/UnB/5º Semestre/MDS/To_de_Olho/config/initializers/session_store.rb": [
        null,
        null,
        1
      ],
      "/home/victor/UnB/5º Semestre/MDS/To_de_Olho/config/initializers/simple_form.rb": [
        null,
        1,
        null,
        null,
        null,
        null,
        null,
        1,
        null,
        null,
        null,
        null,
        null,
        null,
        null,
        null,
        null,
        1,
        null,
        null,
        null,
        1,
        null,
        null,
        null,
        null,
        null,
        null,
        null,
        null,
        1,
        null,
        null,
        1,
        null,
        null,
        1,
        null,
        null,
        1,
        null,
        null,
        1,
        1,
        1,
        null,
        null,
        null,
        1,
        null,
        null,
        null,
        null,
        null,
        1,
        null,
        null,
        1,
        null,
        null,
        null,
        null,
        null,
        null,
        null,
        1,
        null,
        null,
        1,
        null,
        null,
        null,
        null,
        null,
        null,
        null,
        null,
        null,
        null,
        null,
        null,
        null,
        null,
        null,
        null,
        null,
        null,
        null,
        null,
        null,
        null,
        null,
        null,
        null,
        null,
        null,
        null,
        1,
        null,
        null,
        null,
        null,
        null,
        null,
        null,
        null,
        null,
        null,
        null,
        null,
        null,
        null,
        null,
        1,
        null,
        null,
        null,
        null,
        null,
        null,
        null,
        null,
        null,
        null,
        null,
        null,
        null,
        null,
        null,
        null,
        null,
        null,
        null,
        null,
        null,
        null,
        null,
        null,
        null,
        null,
        null,
        null,
        null,
        null,
        null
      ],
      "/home/victor/UnB/5º Semestre/MDS/To_de_Olho/config/initializers/simple_form_bootstrap.rb": [
        null,
        1,
        1,
        1,
        1,
        1,
        1,
        1,
        1,
        1,
        null,
        null,
        null,
        1,
        1,
        1,
        1,
        1,
        1,
        1,
        null,
        1,
        1,
        null,
        null,
        null,
        1,
        1,
        1,
        1,
        1,
        1,
        1,
        null,
        1,
        1,
        null,
        null,
        null,
        null,
        null,
        null,
        null,
        1,
        null
      ],
      "/home/victor/UnB/5º Semestre/MDS/To_de_Olho/config/initializers/wrap_parameters.rb": [
        null,
        null,
        null,
        null,
        null,
        null,
        1,
        1,
        null,
        null,
        null,
        null,
        null,
        null
      ],
      "/home/victor/UnB/5º Semestre/MDS/To_de_Olho/config/routes.rb": [
        1,
        1,
        2,
        null,
        null,
        1,
        null,
        null,
        null,
        null,
        null,
        null,
        null,
        null,
        null,
        null,
        null,
        null,
        null,
        null,
        null,
        null,
        null,
        null,
        null,
        null,
        null,
        null,
        null,
        null,
        null,
        null,
        null,
        null,
        null,
        null,
        null,
        null,
        null,
        null,
        null,
        null,
        null,
        null,
        null,
        null,
        null,
        null,
        null,
        null,
        null,
        null,
        null,
        null,
        null,
        null,
        null,
        null,
        null,
        null,
        null,
        null
      ],
      "/home/victor/UnB/5º Semestre/MDS/To_de_Olho/app/helpers/application_helper.rb": [
        1,
        null
      ],
      "/home/victor/UnB/5º Semestre/MDS/To_de_Olho/app/helpers/convenios_helper.rb": [
        1,
        null
      ],
      "/home/victor/UnB/5º Semestre/MDS/To_de_Olho/app/helpers/usuario_helper.rb": [
        1,
        null
      ],
      "/home/victor/UnB/5º Semestre/MDS/To_de_Olho/app/controllers/usuarios_controller.rb": [
        1,
        null,
        1,
        null,
        1,
        2,
        null,
        null,
        1,
        1,
        null,
        null,
        1,
        5,
        3,
        3,
        6,
        null,
        0,
        null,
        null,
        null,
        null,
        1,
        null,
        null,
        null,
        1,
        null,
        null,
        null,
        1,
        0,
        null,
        null,
        1,
        null,
        null,
        null,
        1,
        1,
        0,
        null,
        null,
        1,
        5,
        null,
        null
      ],
      "/home/victor/UnB/5º Semestre/MDS/To_de_Olho/app/controllers/application_controller.rb": [
        1,
        null,
        null,
        1,
        null
      ],
      "/home/victor/UnB/5º Semestre/MDS/To_de_Olho/spec/helpers/usuario_helper_spec.rb": [
        1,
        null,
        1,
        null
      ],
      "/home/victor/UnB/5º Semestre/MDS/To_de_Olho/spec/models/usuario_spec.rb": [
        1,
        null,
        1,
        1,
        1,
        null,
        null,
        null,
        2,
        2,
        2,
        2,
        2,
        2,
        2,
        null,
        null
      ],
      "/home/victor/UnB/5º Semestre/MDS/To_de_Olho/app/models/usuario.rb": [
        1,
        1,
        1,
        1,
        1,
        1,
        1,
        1,
        null
      ],
      "/home/victor/UnB/5º Semestre/MDS/To_de_Olho/spec/requests/usuarios_spec.rb": [
        1,
        null,
        1,
        1,
        1,
        null,
        1,
        1,
        null,
        null,
        null
      ],
      "/home/victor/UnB/5º Semestre/MDS/To_de_Olho/spec/routing/usuarios_routing_spec.rb": [
        1,
        null,
        1,
        1,
        null,
        1,
        1,
        null,
        null,
        1,
        1,
        null,
        null,
        1,
        1,
        null,
        null,
        1,
        1,
        null,
        null,
        1,
        1,
        null,
        null,
        1,
        1,
        null,
        null,
        1,
        1,
        null,
        null,
        null,
        null
      ]
    },
    "timestamp": 1398797406
  }
}
